# StreamVersion 1.2
ExposeEvent 0 959 0 0 0 0 0
RenderEvent 0 959 0 0 0 0 0
EnterEvent 949 740 0 0 0 0 0
MouseMoveEvent 949 740 0 0 0 0 0
MouseMoveEvent 931 736 0 0 0 0 0
MouseMoveEvent 911 731 0 0 0 0 0
MouseMoveEvent 890 725 0 0 0 0 0
MouseMoveEvent 873 717 0 0 0 0 0
MouseMoveEvent 852 711 0 0 0 0 0
MouseMoveEvent 832 704 0 0 0 0 0
MouseMoveEvent 816 695 0 0 0 0 0
MouseMoveEvent 801 686 0 0 0 0 0
MouseMoveEvent 787 675 0 0 0 0 0
MouseMoveEvent 778 668 0 0 0 0 0
MouseMoveEvent 769 659 0 0 0 0 0
MouseMoveEvent 763 650 0 0 0 0 0
MouseMoveEvent 758 640 0 0 0 0 0
MouseMoveEvent 754 637 0 0 0 0 0
MouseMoveEvent 751 631 0 0 0 0 0
MouseMoveEvent 750 630 0 0 0 0 0
MouseMoveEvent 750 629 0 0 0 0 0
LeftButtonPressEvent 750 629 0 0 0 0 0
StartInteractionEvent 750 629 0 0 0 0 0
MouseMoveEvent 749 627 0 0 0 0 0
RenderEvent 749 627 0 0 0 0 0
InteractionEvent 749 627 0 0 0 0 0
MouseMoveEvent 745 624 0 0 0 0 0
RenderEvent 745 624 0 0 0 0 0
InteractionEvent 745 624 0 0 0 0 0
MouseMoveEvent 740 617 0 0 0 0 0
RenderEvent 740 617 0 0 0 0 0
InteractionEvent 740 617 0 0 0 0 0
MouseMoveEvent 735 614 0 0 0 0 0
RenderEvent 735 614 0 0 0 0 0
InteractionEvent 735 614 0 0 0 0 0
MouseMoveEvent 714 600 0 0 0 0 0
RenderEvent 714 600 0 0 0 0 0
InteractionEvent 714 600 0 0 0 0 0
MouseMoveEvent 688 583 0 0 0 0 0
RenderEvent 688 583 0 0 0 0 0
InteractionEvent 688 583 0 0 0 0 0
MouseMoveEvent 660 571 0 0 0 0 0
RenderEvent 660 571 0 0 0 0 0
InteractionEvent 660 571 0 0 0 0 0
MouseMoveEvent 631 557 0 0 0 0 0
RenderEvent 631 557 0 0 0 0 0
InteractionEvent 631 557 0 0 0 0 0
MouseMoveEvent 607 544 0 0 0 0 0
RenderEvent 607 544 0 0 0 0 0
InteractionEvent 607 544 0 0 0 0 0
MouseMoveEvent 584 526 0 0 0 0 0
RenderEvent 584 526 0 0 0 0 0
InteractionEvent 584 526 0 0 0 0 0
MouseMoveEvent 552 495 0 0 0 0 0
RenderEvent 552 495 0 0 0 0 0
InteractionEvent 552 495 0 0 0 0 0
MouseMoveEvent 544 483 0 0 0 0 0
RenderEvent 544 483 0 0 0 0 0
InteractionEvent 544 483 0 0 0 0 0
MouseMoveEvent 531 458 0 0 0 0 0
RenderEvent 531 458 0 0 0 0 0
InteractionEvent 531 458 0 0 0 0 0
MouseMoveEvent 516 414 0 0 0 0 0
RenderEvent 516 414 0 0 0 0 0
InteractionEvent 516 414 0 0 0 0 0
MouseMoveEvent 510 385 0 0 0 0 0
RenderEvent 510 385 0 0 0 0 0
InteractionEvent 510 385 0 0 0 0 0
MouseMoveEvent 508 356 0 0 0 0 0
RenderEvent 508 356 0 0 0 0 0
InteractionEvent 508 356 0 0 0 0 0
MouseMoveEvent 508 329 0 0 0 0 0
RenderEvent 508 329 0 0 0 0 0
InteractionEvent 508 329 0 0 0 0 0
MouseMoveEvent 520 296 0 0 0 0 0
RenderEvent 520 296 0 0 0 0 0
InteractionEvent 520 296 0 0 0 0 0
MouseMoveEvent 540 270 0 0 0 0 0
RenderEvent 540 270 0 0 0 0 0
InteractionEvent 540 270 0 0 0 0 0
MouseMoveEvent 563 254 0 0 0 0 0
RenderEvent 563 254 0 0 0 0 0
InteractionEvent 563 254 0 0 0 0 0
MouseMoveEvent 578 245 0 0 0 0 0
RenderEvent 578 245 0 0 0 0 0
InteractionEvent 578 245 0 0 0 0 0
MouseMoveEvent 587 242 0 0 0 0 0
RenderEvent 587 242 0 0 0 0 0
InteractionEvent 587 242 0 0 0 0 0
MouseMoveEvent 588 242 0 0 0 0 0
RenderEvent 588 242 0 0 0 0 0
InteractionEvent 588 242 0 0 0 0 0
MouseMoveEvent 589 242 0 0 0 0 0
RenderEvent 589 242 0 0 0 0 0
InteractionEvent 589 242 0 0 0 0 0
MouseMoveEvent 590 242 0 0 0 0 0
RenderEvent 590 242 0 0 0 0 0
InteractionEvent 590 242 0 0 0 0 0
MouseMoveEvent 590 242 0 0 0 0 0
RenderEvent 590 242 0 0 0 0 0
InteractionEvent 590 242 0 0 0 0 0
MouseMoveEvent 591 242 0 0 0 0 0
RenderEvent 591 242 0 0 0 0 0
InteractionEvent 591 242 0 0 0 0 0
MouseMoveEvent 592 243 0 0 0 0 0
RenderEvent 592 243 0 0 0 0 0
InteractionEvent 592 243 0 0 0 0 0
MouseMoveEvent 593 244 0 0 0 0 0
RenderEvent 593 244 0 0 0 0 0
InteractionEvent 593 244 0 0 0 0 0
MouseMoveEvent 594 244 0 0 0 0 0
RenderEvent 594 244 0 0 0 0 0
InteractionEvent 594 244 0 0 0 0 0
MouseMoveEvent 595 246 0 0 0 0 0
RenderEvent 595 246 0 0 0 0 0
InteractionEvent 595 246 0 0 0 0 0
MouseMoveEvent 595 248 0 0 0 0 0
RenderEvent 595 248 0 0 0 0 0
InteractionEvent 595 248 0 0 0 0 0
MouseMoveEvent 595 251 0 0 0 0 0
RenderEvent 595 251 0 0 0 0 0
InteractionEvent 595 251 0 0 0 0 0
MouseMoveEvent 595 259 0 0 0 0 0
RenderEvent 595 259 0 0 0 0 0
InteractionEvent 595 259 0 0 0 0 0
MouseMoveEvent 595 276 0 0 0 0 0
RenderEvent 595 276 0 0 0 0 0
InteractionEvent 595 276 0 0 0 0 0
LeftButtonReleaseEvent 595 268 0 0 0 0 0
EndInteractionEvent 595 268 0 0 0 0 0
RenderEvent 595 268 0 0 0 0 0
MouseMoveEvent 595 292 0 0 0 0 0
MouseMoveEvent 595 292 0 0 0 0 0
MouseWheelForwardEvent 595 289 0 0 0 0 0
StartInteractionEvent 595 289 0 0 0 0 0
RenderEvent 595 289 0 0 0 0 0
EndInteractionEvent 595 289 0 0 0 0 0
RenderEvent 595 289 0 0 0 0 0
MouseMoveEvent 595 296 0 0 0 0 0
MouseMoveEvent 595 296 0 0 0 0 0
MouseWheelForwardEvent 595 296 0 0 1 0 0
StartInteractionEvent 595 296 0 0 1 0 0
RenderEvent 595 296 0 0 1 0 0
EndInteractionEvent 595 296 0 0 1 0 0
RenderEvent 595 296 0 0 1 0 0
MouseWheelForwardEvent 595 296 0 0 0 0 0
StartInteractionEvent 595 296 0 0 0 0 0
RenderEvent 595 296 0 0 0 0 0
EndInteractionEvent 595 296 0 0 0 0 0
RenderEvent 595 296 0 0 0 0 0
MouseMoveEvent 595 297 0 0 0 0 0
MouseWheelForwardEvent 595 297 0 0 1 0 0
StartInteractionEvent 595 297 0 0 1 0 0
RenderEvent 595 297 0 0 1 0 0
EndInteractionEvent 595 297 0 0 1 0 0
RenderEvent 595 297 0 0 1 0 0
MouseWheelForwardEvent 595 297 0 0 0 0 0
StartInteractionEvent 595 297 0 0 0 0 0
RenderEvent 595 297 0 0 0 0 0
EndInteractionEvent 595 297 0 0 0 0 0
RenderEvent 595 297 0 0 0 0 0
MouseMoveEvent 596 297 0 0 0 0 0
MouseWheelBackwardEvent 596 297 0 0 1 0 0
StartInteractionEvent 596 297 0 0 1 0 0
RenderEvent 596 297 0 0 1 0 0
EndInteractionEvent 596 297 0 0 1 0 0
RenderEvent 596 297 0 0 1 0 0
MouseMoveEvent 599 297 0 0 0 0 0
MouseMoveEvent 601 297 0 0 0 0 0
MouseWheelBackwardEvent 601 297 0 0 0 0 0
StartInteractionEvent 601 297 0 0 0 0 0
RenderEvent 601 297 0 0 0 0 0
EndInteractionEvent 601 297 0 0 0 0 0
RenderEvent 601 297 0 0 0 0 0
MouseMoveEvent 610 294 0 0 0 0 0
MouseWheelBackwardEvent 606 295 0 0 1 0 0
StartInteractionEvent 606 295 0 0 1 0 0
RenderEvent 606 295 0 0 1 0 0
EndInteractionEvent 606 295 0 0 1 0 0
RenderEvent 606 295 0 0 1 0 0
MouseMoveEvent 615 293 0 0 0 0 0
MouseWheelBackwardEvent 610 294 0 0 0 0 0
StartInteractionEvent 610 294 0 0 0 0 0
RenderEvent 610 294 0 0 0 0 0
EndInteractionEvent 610 294 0 0 0 0 0
RenderEvent 610 294 0 0 0 0 0
MouseMoveEvent 615 293 0 0 0 0 0
MouseWheelBackwardEvent 615 293 0 0 1 0 0
StartInteractionEvent 615 293 0 0 1 0 0
RenderEvent 615 293 0 0 1 0 0
EndInteractionEvent 615 293 0 0 1 0 0
RenderEvent 615 293 0 0 1 0 0
MouseMoveEvent 616 293 0 0 0 0 0
MouseMoveEvent 617 293 0 0 0 0 0
MouseMoveEvent 619 294 0 0 0 0 0
MouseMoveEvent 620 295 0 0 0 0 0
MouseMoveEvent 620 296 0 0 0 0 0
MouseMoveEvent 620 296 0 0 0 0 0
MouseMoveEvent 620 297 0 0 0 0 0
MouseMoveEvent 620 299 0 0 0 0 0
MouseMoveEvent 620 300 0 0 0 0 0
